Using pre-set license
Built from '2022.3/staging' branch; Version is '2022.3.19f1 (244b723c30a6) revision 2378610'; Using compiler version '192829333'; Build Type 'Release'
OS: 'Windows 11  (10.0.22621) 64bit CoreSingleLanguage' Language: 'en' Physical Memory: 7521 MB
BatchMode: 1, IsHumanControllingUs: 0, StartBugReporterOnCrash: 0, Is64bit: 1, IsPro: 1

COMMAND LINE ARGUMENTS:
C:\Program Files\Unity\Hub\Editor\2022.3.19f1\Editor\Unity.exe
-adb2
-batchMode
-noUpm
-name
AssetImportWorker2
-projectPath
C:/Users/shers/Desktop/Unity/Unity Session/Space_Game
-logFile
Logs/AssetImportWorker2.log
-srvPort
49739
Successfully changed project path to: C:/Users/shers/Desktop/Unity/Unity Session/Space_Game
C:/Users/shers/Desktop/Unity/Unity Session/Space_Game
[UnityMemory] Configuration Parameters - Can be set up in boot.config
    "memorysetup-bucket-allocator-granularity=16"
    "memorysetup-bucket-allocator-bucket-count=8"
    "memorysetup-bucket-allocator-block-size=33554432"
    "memorysetup-bucket-allocator-block-count=8"
    "memorysetup-main-allocator-block-size=16777216"
    "memorysetup-thread-allocator-block-size=16777216"
    "memorysetup-gfx-main-allocator-block-size=16777216"
    "memorysetup-gfx-thread-allocator-block-size=16777216"
    "memorysetup-cache-allocator-block-size=4194304"
    "memorysetup-typetree-allocator-block-size=2097152"
    "memorysetup-profiler-bucket-allocator-granularity=16"
    "memorysetup-profiler-bucket-allocator-bucket-count=8"
    "memorysetup-profiler-bucket-allocator-block-size=33554432"
    "memorysetup-profiler-bucket-allocator-block-count=8"
    "memorysetup-profiler-allocator-block-size=16777216"
    "memorysetup-profiler-editor-allocator-block-size=1048576"
    "memorysetup-temp-allocator-size-main=16777216"
    "memorysetup-job-temp-allocator-block-size=2097152"
    "memorysetup-job-temp-allocator-block-size-background=1048576"
    "memorysetup-job-temp-allocator-reduction-small-platforms=262144"
    "memorysetup-allocator-temp-initial-block-size-main=262144"
    "memorysetup-allocator-temp-initial-block-size-worker=262144"
    "memorysetup-temp-allocator-size-background-worker=32768"
    "memorysetup-temp-allocator-size-job-worker=262144"
    "memorysetup-temp-allocator-size-preload-manager=33554432"
    "memorysetup-temp-allocator-size-nav-mesh-worker=65536"
    "memorysetup-temp-allocator-size-audio-worker=65536"
    "memorysetup-temp-allocator-size-cloud-worker=32768"
    "memorysetup-temp-allocator-size-gi-baking-worker=262144"
    "memorysetup-temp-allocator-size-gfx=262144"
Player connection [22916] Host "[IP] 192.168.99.83 [Port] 0 [Flags] 2 [Guid] 2620227750 [EditorId] 2620227750 [Version] 1048832 [Id] WindowsEditor(7,ShreyS) [Debug] 1 [PackageName] WindowsEditor [ProjectName] Editor" joined multi-casting on [225.0.0.222:54997]...

Player connection [22916] Host "[IP] 192.168.99.83 [Port] 0 [Flags] 2 [Guid] 2620227750 [EditorId] 2620227750 [Version] 1048832 [Id] WindowsEditor(7,ShreyS) [Debug] 1 [PackageName] WindowsEditor [ProjectName] Editor" joined alternative multi-casting on [225.0.0.222:34997]...

[Physics::Module] Initialized MultithreadedJobDispatcher with 11 workers.
Refreshing native plugins compatible for Editor in 31.27 ms, found 3 plugins.
Preloading 0 native plugins for Editor in 0.00 ms.
Initialize engine version: 2022.3.19f1 (244b723c30a6)
[Subsystems] Discovering subsystems at path C:/Program Files/Unity/Hub/Editor/2022.3.19f1/Editor/Data/Resources/UnitySubsystems
[Subsystems] Discovering subsystems at path C:/Users/shers/Desktop/Unity/Unity Session/Space_Game/Assets
GfxDevice: creating device client; threaded=0; jobified=0
Direct3D:
    Version:  Direct3D 11.0 [level 11.1]
    Renderer: NVIDIA GeForce RTX 3050 Ti Laptop GPU (ID=0x25a0)
    Vendor:   NVIDIA
    VRAM:     3977 MB
    Driver:   31.0.15.4626
Initialize mono
Mono path[0] = 'C:/Program Files/Unity/Hub/Editor/2022.3.19f1/Editor/Data/Managed'
Mono path[1] = 'C:/Program Files/Unity/Hub/Editor/2022.3.19f1/Editor/Data/MonoBleedingEdge/lib/mono/unityjit-win32'
Mono config path = 'C:/Program Files/Unity/Hub/Editor/2022.3.19f1/Editor/Data/MonoBleedingEdge/etc'
Using monoOptions --debugger-agent=transport=dt_socket,embedding=1,server=y,suspend=n,address=127.0.0.1:56780
Begin MonoManager ReloadAssembly
Registering precompiled unity dll's ...
Register platform support module: C:/Program Files/Unity/Hub/Editor/2022.3.19f1/Editor/Data/PlaybackEngines/WebGLSupport/UnityEditor.WebGL.Extensions.dll
Register platform support module: C:/Program Files/Unity/Hub/Editor/2022.3.19f1/Editor/Data/PlaybackEngines/WindowsStandaloneSupport/UnityEditor.WindowsStandalone.Extensions.dll
Registered in 0.017170 seconds.
- Loaded All Assemblies, in  0.439 seconds
Native extension for WindowsStandalone target not found
Native extension for WebGL target not found
Mono: successfully reloaded assembly
- Finished resetting the current domain, in  0.360 seconds
Domain Reload Profiling: 796ms
	BeginReloadAssembly (159ms)
		ExecutionOrderSort (0ms)
		DisableScriptedObjects (0ms)
		BackupInstance (0ms)
		ReleaseScriptingObjects (0ms)
		CreateAndSetChildDomain (1ms)
	RebuildCommonClasses (34ms)
	RebuildNativeTypeToScriptingClass (12ms)
	initialDomainReloadingComplete (74ms)
	LoadAllAssembliesAndSetupDomain (157ms)
		LoadAssemblies (156ms)
		RebuildTransferFunctionScriptingTraits (0ms)
		AnalyzeDomain (155ms)
			TypeCache.Refresh (153ms)
				TypeCache.ScanAssembly (138ms)
			ScanForSourceGeneratedMonoScriptInfo (0ms)
			ResolveRequiredComponents (1ms)
	FinalizeReload (360ms)
		ReleaseScriptCaches (0ms)
		RebuildScriptCaches (0ms)
		SetupLoadedEditorAssemblies (301ms)
			LogAssemblyErrors (0ms)
			InitializePlatformSupportModulesInManaged (11ms)
			SetLoadedEditorAssemblies (6ms)
			RefreshPlugins (0ms)
			BeforeProcessingInitializeOnLoad (3ms)
			ProcessInitializeOnLoadAttributes (224ms)
			ProcessInitializeOnLoadMethodAttributes (56ms)
			AfterProcessingInitializeOnLoad (0ms)
			EditorAssembliesLoaded (0ms)
		ExecutionOrderSort2 (0ms)
		AwakeInstancesAfterBackupRestoration (0ms)
========================================================================
Worker process is ready to serve import requests
Begin MonoManager ReloadAssembly
- Loaded All Assemblies, in  0.731 seconds
Refreshing native plugins compatible for Editor in 3.38 ms, found 3 plugins.
Native extension for WindowsStandalone target not found
Native extension for WebGL target not found
Package Manager log level set to [2]
[Package Manager] Server::EnsureServerProcessIsRunning -- launch failed, reason: Unity was launched with the -noUpm command-line argument
[Package Manager] UpmClient::Send -- Unable to send message (not connected to UPM process).
[Package Manager] Cannot connect to Unity Package Manager local server
Mono: successfully reloaded assembly
- Finished resetting the current domain, in  0.815 seconds
Domain Reload Profiling: 1531ms
	BeginReloadAssembly (150ms)
		ExecutionOrderSort (0ms)
		DisableScriptedObjects (6ms)
		BackupInstance (0ms)
		ReleaseScriptingObjects (0ms)
		CreateAndSetChildDomain (22ms)
	RebuildCommonClasses (33ms)
	RebuildNativeTypeToScriptingClass (9ms)
	initialDomainReloadingComplete (44ms)
	LoadAllAssembliesAndSetupDomain (480ms)
		LoadAssemblies (382ms)
		RebuildTransferFunctionScriptingTraits (0ms)
		AnalyzeDomain (187ms)
			TypeCache.Refresh (167ms)
				TypeCache.ScanAssembly (152ms)
			ScanForSourceGeneratedMonoScriptInfo (15ms)
			ResolveRequiredComponents (4ms)
	FinalizeReload (815ms)
		ReleaseScriptCaches (0ms)
		RebuildScriptCaches (0ms)
		SetupLoadedEditorAssemblies (676ms)
			LogAssemblyErrors (0ms)
			InitializePlatformSupportModulesInManaged (8ms)
			SetLoadedEditorAssemblies (3ms)
			RefreshPlugins (0ms)
			BeforeProcessingInitializeOnLoad (71ms)
			ProcessInitializeOnLoadAttributes (567ms)
			ProcessInitializeOnLoadMethodAttributes (18ms)
			AfterProcessingInitializeOnLoad (9ms)
			EditorAssembliesLoaded (0ms)
		ExecutionOrderSort2 (0ms)
		AwakeInstancesAfterBackupRestoration (8ms)
Launched and connected shader compiler UnityShaderCompiler.exe after 0.06 seconds
Refreshing native plugins compatible for Editor in 3.21 ms, found 3 plugins.
Preloading 0 native plugins for Editor in 0.00 ms.
Unloading 3144 Unused Serialized files (Serialized files now loaded: 0)
Unloading 32 unused Assets / (57.4 KB). Loaded Objects now: 3621.
Memory consumption went from 137.0 MB to 137.0 MB.
Total: 3.350800 ms (FindLiveObjects: 0.221600 ms CreateObjectMapping: 0.150000 ms MarkObjects: 2.875600 ms  DeleteObjects: 0.102800 ms)

AssetImportParameters requested are different than current active one (requested -> active):
  custom:container-demuxer-ogg: 62fdf1f143b41e24485cea50d1cbac27 -> 
  custom:video-codec-MediaFoundation-h265: 746d11721c4dcdbdad8f713fa42b33f4 -> 
  custom:video-decoder-ogg-theora: a1e56fd34408186e4bbccfd4996cb3dc -> 
  custom:framework-win-MediaFoundation: 216162199b28c13a410421893ffa2e32 -> 
  custom:CustomObjectIndexerAttribute: 6d391050e5a25f67b0a2c618074f2cd9 -> 
  custom:container-demuxer-webm: 4f35f7cbe854078d1ac9338744f61a02 -> 
  custom:container-muxer-webm: aa71ff27fc2769a1b78a27578f13a17b -> 
  custom:video-decoder-webm-vp8: 9c59270c3fd7afecdb556c50c9e8de78 -> 
  custom:SearchIndexIgnoredProperties: e643bd26f0fe6173181afceb89e7c659 -> 
  custom:AudioImporter_EditorPlatform: d09bf68614088b80899f8185d706f6e7 -> 
  custom:video-encoder-webm-vp8: eb34c28f22e8b96e1ab97ce403110664 -> 
  custom:audio-decoder-ogg-vorbis: bf7c407c2cedff20999df2af8eb42d56 -> 
  custom:audio-encoder-webm-vorbis: bf7c407c2cedff20999df2af8eb42d56 -> 
========================================================================
Received Import Request.
  Time since last request: 17181.258846 seconds.
  path: Assets/Character/Gamer Squid/Assets/Textures/Exhaust Outlet/Gold/CruiseFighter_Exhaust Outlet_AlbedoTransparency.png
  artifactKey: Guid(72cda86b61931294a8071d73b0299403) Importer(815301076,1909f56bfc062723c751e8b465ee728b)
Start importing Assets/Character/Gamer Squid/Assets/Textures/Exhaust Outlet/Gold/CruiseFighter_Exhaust Outlet_AlbedoTransparency.png using Guid(72cda86b61931294a8071d73b0299403) Importer(815301076,1909f56bfc062723c751e8b465ee728b)  -> (artifact id: 'b0baa71d44991c340b0d9d67066e15d3') in 0.107351 seconds
Number of updated asset objects reloaded before import = 0
Number of asset objects unloaded after import = 2
========================================================================
Received Import Request.
  Time since last request: 0.268240 seconds.
  path: Assets/Character/Gamer Squid/Assets/Textures/Exhaust Outlet/Steel Painted/CruiseFighter_Exhaust Outlet_AO.png
  artifactKey: Guid(755d3af557defb54b8c28a78e5e19a78) Importer(815301076,1909f56bfc062723c751e8b465ee728b)
Start importing Assets/Character/Gamer Squid/Assets/Textures/Exhaust Outlet/Steel Painted/CruiseFighter_Exhaust Outlet_AO.png using Guid(755d3af557defb54b8c28a78e5e19a78) Importer(815301076,1909f56bfc062723c751e8b465ee728b)  -> (artifact id: 'dce4dbefdd8a3fb37876fa0a465a82ba') in 0.035719 seconds
Number of updated asset objects reloaded before import = 0
Number of asset objects unloaded after import = 2
========================================================================
Received Import Request.
  Time since last request: 0.405618 seconds.
  path: Assets/Character/Gamer Squid/Assets/Textures/Exhaust Outlet/Shiny Black/CruiseFighter_Exhaust Outlet_AO.png
  artifactKey: Guid(4340dd4e5069b844bb0e0ec15bc61fc8) Importer(815301076,1909f56bfc062723c751e8b465ee728b)
Start importing Assets/Character/Gamer Squid/Assets/Textures/Exhaust Outlet/Shiny Black/CruiseFighter_Exhaust Outlet_AO.png using Guid(4340dd4e5069b844bb0e0ec15bc61fc8) Importer(815301076,1909f56bfc062723c751e8b465ee728b)  -> (artifact id: 'e265910938d96652b39cc3abe2dad7cd') in 0.035576 seconds
Number of updated asset objects reloaded before import = 0
Number of asset objects unloaded after import = 2
========================================================================
Received Import Request.
  Time since last request: 0.007477 seconds.
  path: Assets/Character/Gamer Squid/Assets/Textures/Exhaust Outlet/Steel Painted/CruiseFighter_Exhaust Outlet_MetallicSmoothness.png
  artifactKey: Guid(04a4dc03d7d0dc04a8d7ddfa39a8268b) Importer(815301076,1909f56bfc062723c751e8b465ee728b)
Start importing Assets/Character/Gamer Squid/Assets/Textures/Exhaust Outlet/Steel Painted/CruiseFighter_Exhaust Outlet_MetallicSmoothness.png using Guid(04a4dc03d7d0dc04a8d7ddfa39a8268b) Importer(815301076,1909f56bfc062723c751e8b465ee728b)  -> (artifact id: '2b7a01a024fc095ac30a49e493e3a7b7') in 0.032325 seconds
Number of updated asset objects reloaded before import = 0
Number of asset objects unloaded after import = 2
========================================================================
Received Import Request.
  Time since last request: 0.944983 seconds.
  path: Assets/Character/Gamer Squid/Assets/Textures/Exhaust Outlet/Shiny Black/CruiseFighter_Exhaust Outlet_MetallicSmoothness.png
  artifactKey: Guid(ad7e1e99eefe29d42bfc1fd22a38d7de) Importer(815301076,1909f56bfc062723c751e8b465ee728b)
Start importing Assets/Character/Gamer Squid/Assets/Textures/Exhaust Outlet/Shiny Black/CruiseFighter_Exhaust Outlet_MetallicSmoothness.png using Guid(ad7e1e99eefe29d42bfc1fd22a38d7de) Importer(815301076,1909f56bfc062723c751e8b465ee728b)  -> (artifact id: '8f4d6646fc8303b8f3f60d52d8418dba') in 0.024708 seconds
Number of updated asset objects reloaded before import = 0
Number of asset objects unloaded after import = 2
========================================================================
Received Import Request.
  Time since last request: 0.000016 seconds.
  path: Assets/Character/Gamer Squid/Assets/Textures/Exhaust Outlet/Steel Painted/CruiseFighter_Exhaust Outlet_Normal.png
  artifactKey: Guid(e765b82a47ee30948a93271cd75454ed) Importer(815301076,1909f56bfc062723c751e8b465ee728b)
Start importing Assets/Character/Gamer Squid/Assets/Textures/Exhaust Outlet/Steel Painted/CruiseFighter_Exhaust Outlet_Normal.png using Guid(e765b82a47ee30948a93271cd75454ed) Importer(815301076,1909f56bfc062723c751e8b465ee728b)  -> (artifact id: 'c4dc76be466f412699fb2dbf7ee5123e') in 0.068309 seconds
Number of updated asset objects reloaded before import = 0
Number of asset objects unloaded after import = 2
========================================================================
Received Import Request.
  Time since last request: 0.369185 seconds.
  path: Assets/Character/Gamer Squid/Assets/Textures/Exhaust Outlet/Shiny Black/CruiseFighter_Exhaust Outlet_Normal.png
  artifactKey: Guid(2a15f0cccbb8175468e8c88fe95adec8) Importer(815301076,1909f56bfc062723c751e8b465ee728b)
Start importing Assets/Character/Gamer Squid/Assets/Textures/Exhaust Outlet/Shiny Black/CruiseFighter_Exhaust Outlet_Normal.png using Guid(2a15f0cccbb8175468e8c88fe95adec8) Importer(815301076,1909f56bfc062723c751e8b465ee728b)  -> (artifact id: '1b634bc034534ab3aca09b68c1ef14e2') in 0.033255 seconds
Number of updated asset objects reloaded before import = 0
Number of asset objects unloaded after import = 2
========================================================================
Received Import Request.
  Time since last request: 0.007034 seconds.
  path: Assets/Character/Gamer Squid/Assets/Textures/Exteria/Worn Red/CruiseFighter_Exteria_AlbedoTransparency.png
  artifactKey: Guid(c13444f75d3ccae459fbebfc2c8f78aa) Importer(815301076,1909f56bfc062723c751e8b465ee728b)
Start importing Assets/Character/Gamer Squid/Assets/Textures/Exteria/Worn Red/CruiseFighter_Exteria_AlbedoTransparency.png using Guid(c13444f75d3ccae459fbebfc2c8f78aa) Importer(815301076,1909f56bfc062723c751e8b465ee728b)  -> (artifact id: '44ce960144792f3f2c2baa0ce339964b') in 0.035721 seconds
Number of updated asset objects reloaded before import = 0
Number of asset objects unloaded after import = 2
========================================================================
Received Import Request.
  Time since last request: 0.564211 seconds.
  path: Assets/Character/Gamer Squid/Assets/Textures/Exteria/Silver/CruiseFighter_Exteria_AlbedoTransparency.png
  artifactKey: Guid(533e0362ce4c01d48bd3261b8877e1ac) Importer(815301076,1909f56bfc062723c751e8b465ee728b)
Start importing Assets/Character/Gamer Squid/Assets/Textures/Exteria/Silver/CruiseFighter_Exteria_AlbedoTransparency.png using Guid(533e0362ce4c01d48bd3261b8877e1ac) Importer(815301076,1909f56bfc062723c751e8b465ee728b)  -> (artifact id: '3e2976888b0950d58d6734cb796aa714') in 0.037567 seconds
Number of updated asset objects reloaded before import = 0
Number of asset objects unloaded after import = 2
========================================================================
Received Import Request.
  Time since last request: 0.517730 seconds.
  path: Assets/Character/Gamer Squid/Assets/Textures/Exteria/Iron Shield/CruiseFighter_Exteria_AO.png
  artifactKey: Guid(5be4b70037880a946af638ee455007d6) Importer(815301076,1909f56bfc062723c751e8b465ee728b)
Start importing Assets/Character/Gamer Squid/Assets/Textures/Exteria/Iron Shield/CruiseFighter_Exteria_AO.png using Guid(5be4b70037880a946af638ee455007d6) Importer(815301076,1909f56bfc062723c751e8b465ee728b)  -> (artifact id: '9234839bb0426d0f96a6865288c7fd87') in 0.026929 seconds
Number of updated asset objects reloaded before import = 0
Number of asset objects unloaded after import = 2
========================================================================
Received Import Request.
  Time since last request: 0.031292 seconds.
  path: Assets/Character/Gamer Squid/Assets/Textures/Exteria/Shiny Red/CruiseFighter_Exteria_AO.png
  artifactKey: Guid(f6d5201d6a705d64a90a0eb8569b1270) Importer(815301076,1909f56bfc062723c751e8b465ee728b)
Start importing Assets/Character/Gamer Squid/Assets/Textures/Exteria/Shiny Red/CruiseFighter_Exteria_AO.png using Guid(f6d5201d6a705d64a90a0eb8569b1270) Importer(815301076,1909f56bfc062723c751e8b465ee728b)  -> (artifact id: '07fddc4eaabbb622968c059cd87cabd5') in 0.028991 seconds
Number of updated asset objects reloaded before import = 0
Number of asset objects unloaded after import = 2
========================================================================
Received Import Request.
  Time since last request: 0.588055 seconds.
  path: Assets/Character/Gamer Squid/Assets/Textures/Exteria/Silver/CruiseFighter_Exteria_AO.png
  artifactKey: Guid(437d178240d463a4aa357658d63982dd) Importer(815301076,1909f56bfc062723c751e8b465ee728b)
Start importing Assets/Character/Gamer Squid/Assets/Textures/Exteria/Silver/CruiseFighter_Exteria_AO.png using Guid(437d178240d463a4aa357658d63982dd) Importer(815301076,1909f56bfc062723c751e8b465ee728b)  -> (artifact id: 'f60755426d5477cb35a5f0debb3e6b5a') in 0.032767 seconds
Number of updated asset objects reloaded before import = 0
Number of asset objects unloaded after import = 2
========================================================================
Received Import Request.
  Time since last request: 0.100940 seconds.
  path: Assets/Character/Gamer Squid/Assets/Textures/Exteria/Worn Red/CruiseFighter_Exteria_MetallicSmoothness.png
  artifactKey: Guid(973fb1497b502a148ad2070134818532) Importer(815301076,1909f56bfc062723c751e8b465ee728b)
Start importing Assets/Character/Gamer Squid/Assets/Textures/Exteria/Worn Red/CruiseFighter_Exteria_MetallicSmoothness.png using Guid(973fb1497b502a148ad2070134818532) Importer(815301076,1909f56bfc062723c751e8b465ee728b)  -> (artifact id: 'bfe530c8fd21e16cb9341dde9f656924') in 0.041574 seconds
Number of updated asset objects reloaded before import = 0
Number of asset objects unloaded after import = 2
========================================================================
Received Import Request.
  Time since last request: 0.484969 seconds.
  path: Assets/Character/Gamer Squid/Assets/Textures/Exteria/Copper/CruiseFighter_Exteria_MetallicSmoothness.png
  artifactKey: Guid(0b51c8158ca383f4890c3e336290e4cf) Importer(815301076,1909f56bfc062723c751e8b465ee728b)
Start importing Assets/Character/Gamer Squid/Assets/Textures/Exteria/Copper/CruiseFighter_Exteria_MetallicSmoothness.png using Guid(0b51c8158ca383f4890c3e336290e4cf) Importer(815301076,1909f56bfc062723c751e8b465ee728b)  -> (artifact id: '5177d8e9f746b8ad75ce537f2f189208') in 0.025405 seconds
Number of updated asset objects reloaded before import = 0
Number of asset objects unloaded after import = 2
========================================================================
Received Import Request.
  Time since last request: 0.585957 seconds.
  path: Assets/Character/Gamer Squid/Assets/Textures/Exteria/Iron Shield/CruiseFighter_Exteria_MetallicSmoothness.png
  artifactKey: Guid(14c8cd859b4177c4d848a64889a3c007) Importer(815301076,1909f56bfc062723c751e8b465ee728b)
Start importing Assets/Character/Gamer Squid/Assets/Textures/Exteria/Iron Shield/CruiseFighter_Exteria_MetallicSmoothness.png using Guid(14c8cd859b4177c4d848a64889a3c007) Importer(815301076,1909f56bfc062723c751e8b465ee728b)  -> (artifact id: '058e4f25129d17d762d5207dc5beb9f6') in 0.030063 seconds
Number of updated asset objects reloaded before import = 0
Number of asset objects unloaded after import = 2
========================================================================
Received Import Request.
  Time since last request: 0.541095 seconds.
  path: Assets/Character/Gamer Squid/Assets/Textures/Exteria/Worn Red/CruiseFighter_Exteria_Normal.png
  artifactKey: Guid(d306251a742119f488b0dd735e931430) Importer(815301076,1909f56bfc062723c751e8b465ee728b)
Start importing Assets/Character/Gamer Squid/Assets/Textures/Exteria/Worn Red/CruiseFighter_Exteria_Normal.png using Guid(d306251a742119f488b0dd735e931430) Importer(815301076,1909f56bfc062723c751e8b465ee728b)  -> (artifact id: '76b6f831c0df5326d2315c0d6553d80e') in 0.045606 seconds
Number of updated asset objects reloaded before import = 0
Number of asset objects unloaded after import = 2
========================================================================
Received Import Request.
  Time since last request: 0.762265 seconds.
  path: Assets/Character/Gamer Squid/Assets/Textures/Body Trim/Steel/CruiseFighter_Glowing_AlbedoTransparency.png
  artifactKey: Guid(1b313b25892ccbc46a0d9b971899c677) Importer(815301076,1909f56bfc062723c751e8b465ee728b)
Start importing Assets/Character/Gamer Squid/Assets/Textures/Body Trim/Steel/CruiseFighter_Glowing_AlbedoTransparency.png using Guid(1b313b25892ccbc46a0d9b971899c677) Importer(815301076,1909f56bfc062723c751e8b465ee728b)  -> (artifact id: '3cb33eb547d92a834f4d0030fcad78be') in 0.048211 seconds
Number of updated asset objects reloaded before import = 0
Number of asset objects unloaded after import = 2
========================================================================
Received Import Request.
  Time since last request: 0.000240 seconds.
  path: Assets/Character/Gamer Squid/Assets/Textures/Body Trim/Gold/CruiseFighter_Glowing_AO.png
  artifactKey: Guid(3c07eefad48fb1146b35783cacb3374e) Importer(815301076,1909f56bfc062723c751e8b465ee728b)
Start importing Assets/Character/Gamer Squid/Assets/Textures/Body Trim/Gold/CruiseFighter_Glowing_AO.png using Guid(3c07eefad48fb1146b35783cacb3374e) Importer(815301076,1909f56bfc062723c751e8b465ee728b)  -> (artifact id: 'd000f1319f98c289ceda5259b8d442fd') in 0.026112 seconds
Number of updated asset objects reloaded before import = 0
Number of asset objects unloaded after import = 2
========================================================================
Received Import Request.
  Time since last request: 0.270302 seconds.
  path: Assets/Character/Gamer Squid/Assets/Textures/Body Trim/Steel/CruiseFighter_Glowing_MetallicSmoothness.png
  artifactKey: Guid(22c47c43c453a014d856fb0e2b4d0d5f) Importer(815301076,1909f56bfc062723c751e8b465ee728b)
Start importing Assets/Character/Gamer Squid/Assets/Textures/Body Trim/Steel/CruiseFighter_Glowing_MetallicSmoothness.png using Guid(22c47c43c453a014d856fb0e2b4d0d5f) Importer(815301076,1909f56bfc062723c751e8b465ee728b)  -> (artifact id: '4623d6cdceb2f4afd6e5994e55d950f7') in 0.040072 seconds
Number of updated asset objects reloaded before import = 0
Number of asset objects unloaded after import = 2
========================================================================
Received Import Request.
  Time since last request: 0.757981 seconds.
  path: Assets/Character/Gamer Squid/Assets/Textures/Body Trim/Iron Pure/CruiseFighter_Glowing_Normal.png
  artifactKey: Guid(e73ebc42ac9e66d449e9d878f6ab8eb3) Importer(815301076,1909f56bfc062723c751e8b465ee728b)
Start importing Assets/Character/Gamer Squid/Assets/Textures/Body Trim/Iron Pure/CruiseFighter_Glowing_Normal.png using Guid(e73ebc42ac9e66d449e9d878f6ab8eb3) Importer(815301076,1909f56bfc062723c751e8b465ee728b)  -> (artifact id: 'a5e53b606177314a65ca67e4174cb044') in 0.031770 seconds
Number of updated asset objects reloaded before import = 0
Number of asset objects unloaded after import = 2
========================================================================
Received Import Request.
  Time since last request: 0.002795 seconds.
  path: Assets/Character/Gamer Squid/Assets/Textures/Vent/Red Matte/CruiseFighter_Vent_AlbedoTransparency.png
  artifactKey: Guid(55b8d7501cf76344680af1d4e50e95df) Importer(815301076,1909f56bfc062723c751e8b465ee728b)
Start importing Assets/Character/Gamer Squid/Assets/Textures/Vent/Red Matte/CruiseFighter_Vent_AlbedoTransparency.png using Guid(55b8d7501cf76344680af1d4e50e95df) Importer(815301076,1909f56bfc062723c751e8b465ee728b)  -> (artifact id: '03a972455d9d84d18aa042eeccf8ada6') in 0.031609 seconds
Number of updated asset objects reloaded before import = 0
Number of asset objects unloaded after import = 2
========================================================================
Received Import Request.
  Time since last request: 0.000179 seconds.
  path: Assets/Character/Gamer Squid/Assets/Textures/Vent/Carbon Fiber/CruiseFighter_Vent_AlbedoTransparency.png
  artifactKey: Guid(bb46b19e99a70a74996df593b1d85731) Importer(815301076,1909f56bfc062723c751e8b465ee728b)
Start importing Assets/Character/Gamer Squid/Assets/Textures/Vent/Carbon Fiber/CruiseFighter_Vent_AlbedoTransparency.png using Guid(bb46b19e99a70a74996df593b1d85731) Importer(815301076,1909f56bfc062723c751e8b465ee728b)  -> (artifact id: 'eb92286f4751af2e2407744a815d4999') in 0.039659 seconds
Number of updated asset objects reloaded before import = 0
Number of asset objects unloaded after import = 2
========================================================================
Received Import Request.
  Time since last request: 0.256923 seconds.
  path: Assets/Character/Gamer Squid/Assets/Textures/Vent/Carbon Fiber/CruiseFighter_Vent_AO.png
  artifactKey: Guid(7f5d3a29fa621d34bb94b1a4fc4c76bc) Importer(815301076,1909f56bfc062723c751e8b465ee728b)
Start importing Assets/Character/Gamer Squid/Assets/Textures/Vent/Carbon Fiber/CruiseFighter_Vent_AO.png using Guid(7f5d3a29fa621d34bb94b1a4fc4c76bc) Importer(815301076,1909f56bfc062723c751e8b465ee728b)  -> (artifact id: '9ca6c027dc4d0d895f54f9c788616e0c') in 0.037098 seconds
Number of updated asset objects reloaded before import = 0
Number of asset objects unloaded after import = 2
========================================================================
Received Import Request.
  Time since last request: 0.000291 seconds.
  path: Assets/Character/Gamer Squid/Assets/Textures/Vent/Red Matte/CruiseFighter_Vent_AO.png
  artifactKey: Guid(9c76991504ab195459d326b180c18722) Importer(815301076,1909f56bfc062723c751e8b465ee728b)
Start importing Assets/Character/Gamer Squid/Assets/Textures/Vent/Red Matte/CruiseFighter_Vent_AO.png using Guid(9c76991504ab195459d326b180c18722) Importer(815301076,1909f56bfc062723c751e8b465ee728b)  -> (artifact id: 'ab8116de1b4b7b6c8273466dc0f95710') in 0.018625 seconds
Number of updated asset objects reloaded before import = 0
Number of asset objects unloaded after import = 2
========================================================================
Received Import Request.
  Time since last request: 0.000028 seconds.
  path: Assets/Character/Gamer Squid/Assets/Textures/Vent/Carbon Fiber/CruiseFighter_Vent_MetallicSmoothness.png
  artifactKey: Guid(4c00180e70593d04883deb98224b9644) Importer(815301076,1909f56bfc062723c751e8b465ee728b)
Start importing Assets/Character/Gamer Squid/Assets/Textures/Vent/Carbon Fiber/CruiseFighter_Vent_MetallicSmoothness.png using Guid(4c00180e70593d04883deb98224b9644) Importer(815301076,1909f56bfc062723c751e8b465ee728b)  -> (artifact id: 'e357239d83e9630f396e2d36961e4fe3') in 0.023405 seconds
Number of updated asset objects reloaded before import = 0
Number of asset objects unloaded after import = 2
========================================================================
Received Import Request.
  Time since last request: 0.010150 seconds.
  path: Assets/Character/Gamer Squid/Assets/Textures/Vent/Metal Mesh/CruiseFighter_Vent_MetallicSmoothness.png
  artifactKey: Guid(0e23e4a22b13851468a34fe0f73f3fb2) Importer(815301076,1909f56bfc062723c751e8b465ee728b)
Start importing Assets/Character/Gamer Squid/Assets/Textures/Vent/Metal Mesh/CruiseFighter_Vent_MetallicSmoothness.png using Guid(0e23e4a22b13851468a34fe0f73f3fb2) Importer(815301076,1909f56bfc062723c751e8b465ee728b)  -> (artifact id: '78f042f94568f0c0ba4a74c9f65f9af7') in 0.024612 seconds
Number of updated asset objects reloaded before import = 0
Number of asset objects unloaded after import = 2
========================================================================
Received Import Request.
  Time since last request: 0.248261 seconds.
  path: Assets/Character/Gamer Squid/Assets/Textures/Vent/Blue Hex/CruiseFighter_Vent_Normal.png
  artifactKey: Guid(93aefcf5b6603b847ad9c60937aa66b0) Importer(815301076,1909f56bfc062723c751e8b465ee728b)
Start importing Assets/Character/Gamer Squid/Assets/Textures/Vent/Blue Hex/CruiseFighter_Vent_Normal.png using Guid(93aefcf5b6603b847ad9c60937aa66b0) Importer(815301076,1909f56bfc062723c751e8b465ee728b)  -> (artifact id: 'f5176680bd6735633e57d5582efa975e') in 0.039768 seconds
Number of updated asset objects reloaded before import = 0
Number of asset objects unloaded after import = 2
========================================================================
Received Import Request.
  Time since last request: 0.001070 seconds.
  path: Assets/Character/Gamer Squid/Assets/Textures/Vent/Carbon Fiber/CruiseFighter_Vent_Normal.png
  artifactKey: Guid(c0129ed129c6a3e4c896cca0d1184849) Importer(815301076,1909f56bfc062723c751e8b465ee728b)
Start importing Assets/Character/Gamer Squid/Assets/Textures/Vent/Carbon Fiber/CruiseFighter_Vent_Normal.png using Guid(c0129ed129c6a3e4c896cca0d1184849) Importer(815301076,1909f56bfc062723c751e8b465ee728b)  -> (artifact id: '44e958d2db71eafc95e4ca7bf3615f01') in 0.036283 seconds
Number of updated asset objects reloaded before import = 0
Number of asset objects unloaded after import = 2
========================================================================
Received Import Request.
  Time since last request: 0.855523 seconds.
  path: Assets/Textures/TextMesh Pro/Examples & Extras/Sprites/Default Sprites.png
  artifactKey: Guid(a0fc465d6cf04254a2938578735e2383) Importer(815301076,1909f56bfc062723c751e8b465ee728b)
Start importing Assets/Textures/TextMesh Pro/Examples & Extras/Sprites/Default Sprites.png using Guid(a0fc465d6cf04254a2938578735e2383) Importer(815301076,1909f56bfc062723c751e8b465ee728b)  -> (artifact id: 'f9690deda7717e452078977974286498') in 0.033675 seconds
Number of updated asset objects reloaded before import = 0
Number of asset objects unloaded after import = 2
========================================================================
Received Import Request.
  Time since last request: 0.000019 seconds.
  path: Assets/Textures/TextMesh Pro/Examples & Extras/Textures/Floor Cement.jpg
  artifactKey: Guid(283f897e4925411ebbaa758b4cb13fc2) Importer(815301076,1909f56bfc062723c751e8b465ee728b)
Start importing Assets/Textures/TextMesh Pro/Examples & Extras/Textures/Floor Cement.jpg using Guid(283f897e4925411ebbaa758b4cb13fc2) Importer(815301076,1909f56bfc062723c751e8b465ee728b)  -> (artifact id: 'f0e95496520b0e6d8e548fa4ac324ba8') in 0.027899 seconds
Number of updated asset objects reloaded before import = 0
Number of asset objects unloaded after import = 2
========================================================================
Received Import Request.
  Time since last request: 0.048449 seconds.
  path: Assets/Textures/TextMesh Pro/Examples & Extras/Textures/Floor Tiles 1 - diffuse.jpg
  artifactKey: Guid(85ac55597b97403c82fc6601a93cf241) Importer(815301076,1909f56bfc062723c751e8b465ee728b)
Start importing Assets/Textures/TextMesh Pro/Examples & Extras/Textures/Floor Tiles 1 - diffuse.jpg using Guid(85ac55597b97403c82fc6601a93cf241) Importer(815301076,1909f56bfc062723c751e8b465ee728b)  -> (artifact id: 'f32b608cebba2e7986ee832e06a8b6e1') in 0.029463 seconds
Number of updated asset objects reloaded before import = 0
Number of asset objects unloaded after import = 2
========================================================================
Received Import Request.
  Time since last request: 1.381514 seconds.
  path: Assets/Textures/TextMesh Pro/Examples & Extras/Textures/Fruit Jelly (B&W).jpg
  artifactKey: Guid(1cdc5b506b1a4a33a53c30669ced1f51) Importer(815301076,1909f56bfc062723c751e8b465ee728b)
Start importing Assets/Textures/TextMesh Pro/Examples & Extras/Textures/Fruit Jelly (B&W).jpg using Guid(1cdc5b506b1a4a33a53c30669ced1f51) Importer(815301076,1909f56bfc062723c751e8b465ee728b)  -> (artifact id: '9b78b38cac800e002a6d56eab96297d3') in 0.024766 seconds
Number of updated asset objects reloaded before import = 0
Number of asset objects unloaded after import = 2
========================================================================
Received Import Request.
  Time since last request: 0.003585 seconds.
  path: Assets/Textures/TextMesh Pro/Examples & Extras/Textures/Gradient Horizontal (Color).jpg
  artifactKey: Guid(6eb184de103d4b3f812b38561065192f) Importer(815301076,1909f56bfc062723c751e8b465ee728b)
Start importing Assets/Textures/TextMesh Pro/Examples & Extras/Textures/Gradient Horizontal (Color).jpg using Guid(6eb184de103d4b3f812b38561065192f) Importer(815301076,1909f56bfc062723c751e8b465ee728b)  -> (artifact id: '7c7ff91dfff5e879daa5ca2503ba95bf') in 0.023461 seconds
Number of updated asset objects reloaded before import = 0
Number of asset objects unloaded after import = 2
========================================================================
Received Import Request.
  Time since last request: 0.434629 seconds.
  path: Assets/Textures/TextMesh Pro/Resources/Fonts & Materials/LiberationSans SDF - Fallback.asset
  artifactKey: Guid(2e498d1c8094910479dc3e1b768306a4) Importer(815301076,1909f56bfc062723c751e8b465ee728b)
Start importing Assets/Textures/TextMesh Pro/Resources/Fonts & Materials/LiberationSans SDF - Fallback.asset using Guid(2e498d1c8094910479dc3e1b768306a4) Importer(815301076,1909f56bfc062723c751e8b465ee728b)  -> (artifact id: '9e9b42d81146f3cc7550fec9a12c5a68') in 0.104835 seconds
Number of updated asset objects reloaded before import = 0
Number of asset objects unloaded after import = 6
========================================================================
Received Import Request.
  Time since last request: 0.431130 seconds.
  path: Assets/Textures/TextMesh Pro/Examples & Extras/Resources/Fonts & Materials/Oswald Bold SDF.asset
  artifactKey: Guid(0161d805a3764c089bef00bfe00793f5) Importer(815301076,1909f56bfc062723c751e8b465ee728b)
Start importing Assets/Textures/TextMesh Pro/Examples & Extras/Resources/Fonts & Materials/Oswald Bold SDF.asset using Guid(0161d805a3764c089bef00bfe00793f5) Importer(815301076,1909f56bfc062723c751e8b465ee728b)  -> (artifact id: '0377c9c16961dbef71b086d845570500') in 0.039065 seconds
Number of updated asset objects reloaded before import = 0
Number of asset objects unloaded after import = 6
========================================================================
Received Import Request.
  Time since last request: 0.035812 seconds.
  path: Assets/Textures/TextMesh Pro/Examples & Extras/Resources/Fonts & Materials/Roboto-Bold SDF.asset
  artifactKey: Guid(5302535af1044152a457ed104f1f4b91) Importer(815301076,1909f56bfc062723c751e8b465ee728b)
Start importing Assets/Textures/TextMesh Pro/Examples & Extras/Resources/Fonts & Materials/Roboto-Bold SDF.asset using Guid(5302535af1044152a457ed104f1f4b91) Importer(815301076,1909f56bfc062723c751e8b465ee728b)  -> (artifact id: '1a8aef7928d84dc2ac649dde63fd432a') in 0.024297 seconds
Number of updated asset objects reloaded before import = 0
Number of asset objects unloaded after import = 6
========================================================================
Received Import Request.
  Time since last request: 1.077303 seconds.
  path: Assets/Textures/TextMesh Pro/Examples & Extras/Textures/Small Crate_diffuse.jpg
  artifactKey: Guid(602cb87b6a29443b8636370ea0751574) Importer(815301076,1909f56bfc062723c751e8b465ee728b)
Start importing Assets/Textures/TextMesh Pro/Examples & Extras/Textures/Small Crate_diffuse.jpg using Guid(602cb87b6a29443b8636370ea0751574) Importer(815301076,1909f56bfc062723c751e8b465ee728b)  -> (artifact id: '3ea3ab979f24e72775e11ff9bd21468d') in 0.032710 seconds
Number of updated asset objects reloaded before import = 0
Number of asset objects unloaded after import = 2
========================================================================
Received Import Request.
  Time since last request: 0.506716 seconds.
  path: Assets/Character/Gamer Squid/Demo/Demo Terrain.asset
  artifactKey: Guid(3be5c0ae23bfbb94f8bf31b5de50b56b) Importer(815301076,1909f56bfc062723c751e8b465ee728b)
Start importing Assets/Character/Gamer Squid/Demo/Demo Terrain.asset using Guid(3be5c0ae23bfbb94f8bf31b5de50b56b) Importer(815301076,1909f56bfc062723c751e8b465ee728b)  -> (artifact id: 'a4005791303c1450ce94fc3aa042915a') in 0.038114 seconds
Number of updated asset objects reloaded before import = 0
Number of asset objects unloaded after import = 3
========================================================================
Received Import Request.
  Time since last request: 0.543065 seconds.
  path: Assets/Textures/TextMesh Pro/Examples & Extras/Textures/Sunny Days - Seamless.jpg
  artifactKey: Guid(17c350171f7a3ca479f830547c66d187) Importer(815301076,1909f56bfc062723c751e8b465ee728b)
Start importing Assets/Textures/TextMesh Pro/Examples & Extras/Textures/Sunny Days - Seamless.jpg using Guid(17c350171f7a3ca479f830547c66d187) Importer(815301076,1909f56bfc062723c751e8b465ee728b)  -> (artifact id: '6182d5448dd64d6323ce81eabe76921e') in 0.024814 seconds
Number of updated asset objects reloaded before import = 0
Number of asset objects unloaded after import = 2
========================================================================
Received Import Request.
  Time since last request: 0.004679 seconds.
  path: Assets/Textures/TextMesh Pro/Examples & Extras/Textures/Text Overflow - Linked Text UI Screenshot.png
  artifactKey: Guid(c76d18757a194d618355f05f815cb0a1) Importer(815301076,1909f56bfc062723c751e8b465ee728b)
Start importing Assets/Textures/TextMesh Pro/Examples & Extras/Textures/Text Overflow - Linked Text UI Screenshot.png using Guid(c76d18757a194d618355f05f815cb0a1) Importer(815301076,1909f56bfc062723c751e8b465ee728b)  -> (artifact id: '2f7f64b99b8c88fb18c3384ff3cb81ae') in 0.029809 seconds
Number of updated asset objects reloaded before import = 0
Number of asset objects unloaded after import = 2
========================================================================
Received Import Request.
  Time since last request: 0.475484 seconds.
  path: Assets/Character/Buildings/Textures/window.png
  artifactKey: Guid(af229ba6c37eda7409973243bdce2678) Importer(815301076,1909f56bfc062723c751e8b465ee728b)
Start importing Assets/Character/Buildings/Textures/window.png using Guid(af229ba6c37eda7409973243bdce2678) Importer(815301076,1909f56bfc062723c751e8b465ee728b)  -> (artifact id: 'adcaad4f7c8ccffbcedb62c5346d31f7') in 0.037569 seconds
Number of updated asset objects reloaded before import = 0
Number of asset objects unloaded after import = 2
========================================================================
Received Import Request.
  Time since last request: 0.000017 seconds.
  path: Assets/Textures/TextMesh Pro/Examples & Extras/Textures/Wipe Pattern - Circle.psd
  artifactKey: Guid(10c49fcd9c64421db7c0133e61e55f97) Importer(815301076,1909f56bfc062723c751e8b465ee728b)
Start importing Assets/Textures/TextMesh Pro/Examples & Extras/Textures/Wipe Pattern - Circle.psd using Guid(10c49fcd9c64421db7c0133e61e55f97) Importer(815301076,1909f56bfc062723c751e8b465ee728b)  -> (artifact id: '8acdd7fcc829c579023c114848b0091f') in 0.022434 seconds
Number of updated asset objects reloaded before import = 0
Number of asset objects unloaded after import = 2
========================================================================
Received Import Request.
  Time since last request: 0.503075 seconds.
  path: Assets/Textures/TextMesh Pro/Examples & Extras/Textures/Wipe Pattern - Radial Double.psd
  artifactKey: Guid(7631f4eff8f74ed38eb3eb9db17134e1) Importer(815301076,1909f56bfc062723c751e8b465ee728b)
Start importing Assets/Textures/TextMesh Pro/Examples & Extras/Textures/Wipe Pattern - Radial Double.psd using Guid(7631f4eff8f74ed38eb3eb9db17134e1) Importer(815301076,1909f56bfc062723c751e8b465ee728b)  -> (artifact id: '648d05f5a3ed8ece81dbca1a2088287e') in 0.014006 seconds
Number of updated asset objects reloaded before import = 0
Number of asset objects unloaded after import = 2
========================================================================
Received Import Request.
  Time since last request: 57.450534 seconds.
  path: Assets/Textures/TextMesh Pro/Examples & Extras/Textures
  artifactKey: Guid(6e5c6d5e25574122a7a12dbdbbeed156) Importer(815301076,1909f56bfc062723c751e8b465ee728b)
Start importing Assets/Textures/TextMesh Pro/Examples & Extras/Textures using Guid(6e5c6d5e25574122a7a12dbdbbeed156) Importer(815301076,1909f56bfc062723c751e8b465ee728b)  -> (artifact id: 'c9f8bff3802d658f995efd3d44751ccd') in 0.003314 seconds
Number of updated asset objects reloaded before import = 0
Number of asset objects unloaded after import = 0
========================================================================
Received Import Request.
  Time since last request: 2.745820 seconds.
  path: Assets/Textures/TextMesh Pro/Examples & Extras/Sprites
  artifactKey: Guid(701e577af2ba48b689972d42efb95456) Importer(815301076,1909f56bfc062723c751e8b465ee728b)
Start importing Assets/Textures/TextMesh Pro/Examples & Extras/Sprites using Guid(701e577af2ba48b689972d42efb95456) Importer(815301076,1909f56bfc062723c751e8b465ee728b)  -> (artifact id: 'c8e2f7ea00f008e7b5a0916f32b7bebf') in 0.001424 seconds
Number of updated asset objects reloaded before import = 0
Number of asset objects unloaded after import = 0
========================================================================
Received Import Request.
  Time since last request: 2.245418 seconds.
  path: Assets/Textures/TextMesh Pro/Examples & Extras/Scripts
  artifactKey: Guid(3979ce59e55144c89a2b3b3f8dcf7fd3) Importer(815301076,1909f56bfc062723c751e8b465ee728b)
Start importing Assets/Textures/TextMesh Pro/Examples & Extras/Scripts using Guid(3979ce59e55144c89a2b3b3f8dcf7fd3) Importer(815301076,1909f56bfc062723c751e8b465ee728b)  -> (artifact id: '12bc6d6ad16a589407f2dc54fc5be5c6') in 0.001267 seconds
Number of updated asset objects reloaded before import = 0
Number of asset objects unloaded after import = 0
========================================================================
Received Import Request.
  Time since last request: 8.708703 seconds.
  path: Assets/Textures/TextMesh Pro/Examples & Extras/Scenes
  artifactKey: Guid(db1090641b3241f6995b587eb21637bc) Importer(815301076,1909f56bfc062723c751e8b465ee728b)
Start importing Assets/Textures/TextMesh Pro/Examples & Extras/Scenes using Guid(db1090641b3241f6995b587eb21637bc) Importer(815301076,1909f56bfc062723c751e8b465ee728b)  -> (artifact id: 'ff9a8d81da5e0d5385e9ee9046d4f560') in 0.011771 seconds
Number of updated asset objects reloaded before import = 0
Number of asset objects unloaded after import = 0
========================================================================
Received Import Request.
  Time since last request: 2.472036 seconds.
  path: Assets/Textures/TextMesh Pro/Examples & Extras/Resources
  artifactKey: Guid(d6d3a169ad794942a21da6a552d62f6f) Importer(815301076,1909f56bfc062723c751e8b465ee728b)
Start importing Assets/Textures/TextMesh Pro/Examples & Extras/Resources using Guid(d6d3a169ad794942a21da6a552d62f6f) Importer(815301076,1909f56bfc062723c751e8b465ee728b)  -> (artifact id: 'b43072bfea874f6e5f7ed930e3dfd28e') in 0.001294 seconds
Number of updated asset objects reloaded before import = 0
Number of asset objects unloaded after import = 0
========================================================================
Received Import Request.
  Time since last request: 2.137806 seconds.
  path: Assets/Textures/TextMesh Pro/Examples & Extras/Resources/Color Gradient Presets
  artifactKey: Guid(7f422cd1388b01047a58cd07c7a23d9d) Importer(815301076,1909f56bfc062723c751e8b465ee728b)
Start importing Assets/Textures/TextMesh Pro/Examples & Extras/Resources/Color Gradient Presets using Guid(7f422cd1388b01047a58cd07c7a23d9d) Importer(815301076,1909f56bfc062723c751e8b465ee728b)  -> (artifact id: 'd4b3c3319c7b42776e499e41578a39ad') in 0.012141 seconds
Number of updated asset objects reloaded before import = 0
Number of asset objects unloaded after import = 0
========================================================================
Received Import Request.
  Time since last request: 0.062474 seconds.
  path: Assets/Textures/TextMesh Pro/Examples & Extras/Resources/Color Gradient Presets/Blue to Purple - Vertical.asset
  artifactKey: Guid(479a66fa4b094512a62b0a8e553ad95a) Importer(815301076,1909f56bfc062723c751e8b465ee728b)
Start importing Assets/Textures/TextMesh Pro/Examples & Extras/Resources/Color Gradient Presets/Blue to Purple - Vertical.asset using Guid(479a66fa4b094512a62b0a8e553ad95a) Importer(815301076,1909f56bfc062723c751e8b465ee728b)  -> (artifact id: '112341085a432de0e3d9e6476f02e610') in 0.001875 seconds
Number of updated asset objects reloaded before import = 0
Number of asset objects unloaded after import = 1
========================================================================
Received Import Request.
  Time since last request: 0.004384 seconds.
  path: Assets/Textures/TextMesh Pro/Examples & Extras/Resources/Color Gradient Presets/Dark to Light Green - Vertical.asset
  artifactKey: Guid(4c86a3366cd840348ebe8dc438570ee4) Importer(815301076,1909f56bfc062723c751e8b465ee728b)
Start importing Assets/Textures/TextMesh Pro/Examples & Extras/Resources/Color Gradient Presets/Dark to Light Green - Vertical.asset using Guid(4c86a3366cd840348ebe8dc438570ee4) Importer(815301076,1909f56bfc062723c751e8b465ee728b)  -> (artifact id: '7d2ab69f9fee08eaf1321fd62702b6fb') in 0.001418 seconds
Number of updated asset objects reloaded before import = 0
Number of asset objects unloaded after import = 1
========================================================================
Received Import Request.
  Time since last request: 0.004507 seconds.
  path: Assets/Textures/TextMesh Pro/Examples & Extras/Resources/Color Gradient Presets/Light to Dark Green - Vertical.asset
  artifactKey: Guid(5cf8ae092ca54931b443bec5148f3c59) Importer(815301076,1909f56bfc062723c751e8b465ee728b)
Start importing Assets/Textures/TextMesh Pro/Examples & Extras/Resources/Color Gradient Presets/Light to Dark Green - Vertical.asset using Guid(5cf8ae092ca54931b443bec5148f3c59) Importer(815301076,1909f56bfc062723c751e8b465ee728b)  -> (artifact id: '8888f7c04b1f22a67dc40cf5086f7fa2') in 0.000947 seconds
Number of updated asset objects reloaded before import = 0
Number of asset objects unloaded after import = 1
========================================================================
Received Import Request.
  Time since last request: 0.003818 seconds.
  path: Assets/Textures/TextMesh Pro/Examples & Extras/Resources/Color Gradient Presets/Yellow to Orange - Vertical.asset
  artifactKey: Guid(69a525efa7e6472eab268f6ea605f06e) Importer(815301076,1909f56bfc062723c751e8b465ee728b)
Start importing Assets/Textures/TextMesh Pro/Examples & Extras/Resources/Color Gradient Presets/Yellow to Orange - Vertical.asset using Guid(69a525efa7e6472eab268f6ea605f06e) Importer(815301076,1909f56bfc062723c751e8b465ee728b)  -> (artifact id: '864e8d55703971e3eb17199d7ad7dfdb') in 0.001353 seconds
Number of updated asset objects reloaded before import = 0
Number of asset objects unloaded after import = 1
========================================================================
Received Import Request.
  Time since last request: 1.872839 seconds.
  path: Assets/Textures/TextMesh Pro/Examples & Extras/Resources/Fonts & Materials
  artifactKey: Guid(4f1e85c79acf49968737939ce8b445c7) Importer(815301076,1909f56bfc062723c751e8b465ee728b)
Start importing Assets/Textures/TextMesh Pro/Examples & Extras/Resources/Fonts & Materials using Guid(4f1e85c79acf49968737939ce8b445c7) Importer(815301076,1909f56bfc062723c751e8b465ee728b)  -> (artifact id: '0be1e179dfa15dfce38665210f3fbbb5') in 0.000652 seconds
Number of updated asset objects reloaded before import = 0
Number of asset objects unloaded after import = 0
========================================================================
Received Import Request.
  Time since last request: 0.048804 seconds.
  path: Assets/Textures/TextMesh Pro/Examples & Extras/Resources/Fonts & Materials/Anton SDF - Drop Shadow.mat
  artifactKey: Guid(749b9069dc4742c5bfa5c74644049926) Importer(815301076,1909f56bfc062723c751e8b465ee728b)
Start importing Assets/Textures/TextMesh Pro/Examples & Extras/Resources/Fonts & Materials/Anton SDF - Drop Shadow.mat using Guid(749b9069dc4742c5bfa5c74644049926) Importer(815301076,1909f56bfc062723c751e8b465ee728b)  -> (artifact id: 'd2528de816e4c1060b0d4779b2d767cf') in 0.041999 seconds
Number of updated asset objects reloaded before import = 0
Number of asset objects unloaded after import = 2
========================================================================
Received Import Request.
  Time since last request: 0.000056 seconds.
  path: Assets/Textures/TextMesh Pro/Examples & Extras/Resources/Fonts & Materials/Roboto-Bold SDF - Drop Shadow.mat
  artifactKey: Guid(b246c4190f4e46ec9352fe15a7b09ce0) Importer(815301076,1909f56bfc062723c751e8b465ee728b)
Start importing Assets/Textures/TextMesh Pro/Examples & Extras/Resources/Fonts & Materials/Roboto-Bold SDF - Drop Shadow.mat using Guid(b246c4190f4e46ec9352fe15a7b09ce0) Importer(815301076,1909f56bfc062723c751e8b465ee728b)  -> (artifact id: 'ac71c166150c91bd1849fecdb74ca064') in 0.025623 seconds
Number of updated asset objects reloaded before import = 0
Number of asset objects unloaded after import = 2
========================================================================
Received Import Request.
  Time since last request: 0.000041 seconds.
  path: Assets/Textures/TextMesh Pro/Examples & Extras/Resources/Fonts & Materials/Bangers SDF - Outline.mat
  artifactKey: Guid(f629c6e43dba4bf38cb74d8860150664) Importer(815301076,1909f56bfc062723c751e8b465ee728b)
Start importing Assets/Textures/TextMesh Pro/Examples & Extras/Resources/Fonts & Materials/Bangers SDF - Outline.mat using Guid(f629c6e43dba4bf38cb74d8860150664) Importer(815301076,1909f56bfc062723c751e8b465ee728b)  -> (artifact id: '7cc4c13f27f45c1a309f697badedbd62') in 0.017675 seconds
Number of updated asset objects reloaded before import = 0
Number of asset objects unloaded after import = 2
========================================================================
Received Import Request.
  Time since last request: 0.000031 seconds.
  path: Assets/Textures/TextMesh Pro/Examples & Extras/Resources/Fonts & Materials/Bangers SDF - Drop Shadow.mat
  artifactKey: Guid(f2dcf029949142e28b974630369c8b4e) Importer(815301076,1909f56bfc062723c751e8b465ee728b)
Start importing Assets/Textures/TextMesh Pro/Examples & Extras/Resources/Fonts & Materials/Bangers SDF - Drop Shadow.mat using Guid(f2dcf029949142e28b974630369c8b4e) Importer(815301076,1909f56bfc062723c751e8b465ee728b)  -> (artifact id: 'b2ef37fe86dd3ff1597356623f754f5b') in 0.016295 seconds
Number of updated asset objects reloaded before import = 0
Number of asset objects unloaded after import = 2
========================================================================
Received Import Request.
  Time since last request: 0.000047 seconds.
  path: Assets/Textures/TextMesh Pro/Examples & Extras/Resources/Fonts & Materials/Bangers SDF Glow.mat
  artifactKey: Guid(d75b8f41e959450c84ac6e967084d3e1) Importer(815301076,1909f56bfc062723c751e8b465ee728b)
Start importing Assets/Textures/TextMesh Pro/Examples & Extras/Resources/Fonts & Materials/Bangers SDF Glow.mat using Guid(d75b8f41e959450c84ac6e967084d3e1) Importer(815301076,1909f56bfc062723c751e8b465ee728b)  -> (artifact id: 'ec9c14e02dede97dc2593b3b220f75c0') in 0.234019 seconds
Number of updated asset objects reloaded before import = 0
Number of asset objects unloaded after import = 3
========================================================================
Received Import Request.
  Time since last request: 0.000034 seconds.
  path: Assets/Textures/TextMesh Pro/Examples & Extras/Resources/Fonts & Materials/Bangers SDF Logo.mat
  artifactKey: Guid(f4e195ac1e204eff960149d1cb34e18c) Importer(815301076,1909f56bfc062723c751e8b465ee728b)
Start importing Assets/Textures/TextMesh Pro/Examples & Extras/Resources/Fonts & Materials/Bangers SDF Logo.mat using Guid(f4e195ac1e204eff960149d1cb34e18c) Importer(815301076,1909f56bfc062723c751e8b465ee728b)  -> (artifact id: '986cbe469d84aa2c8b60bf2ba29e45c8') in 0.345944 seconds
Number of updated asset objects reloaded before import = 0
Number of asset objects unloaded after import = 4
========================================================================
Received Import Request.
  Time since last request: 1.062552 seconds.
  path: Assets/Textures/TextMesh Pro/Examples & Extras/Resources/Sprite Assets
  artifactKey: Guid(3ac6db30e75b49b282a3564110579f27) Importer(815301076,1909f56bfc062723c751e8b465ee728b)
Start importing Assets/Textures/TextMesh Pro/Examples & Extras/Resources/Sprite Assets using Guid(3ac6db30e75b49b282a3564110579f27) Importer(815301076,1909f56bfc062723c751e8b465ee728b)  -> (artifact id: '3de005bd5b96a50c363461c8a430d5af') in 0.000994 seconds
Number of updated asset objects reloaded before import = 0
Number of asset objects unloaded after import = 0
========================================================================
Received Import Request.
  Time since last request: 0.093141 seconds.
  path: Assets/Textures/TextMesh Pro/Examples & Extras/Resources/Sprite Assets/Default Sprite Asset.asset
  artifactKey: Guid(fbef3c704dce48f08a44612d6c856c8d) Importer(815301076,1909f56bfc062723c751e8b465ee728b)
Start importing Assets/Textures/TextMesh Pro/Examples & Extras/Resources/Sprite Assets/Default Sprite Asset.asset using Guid(fbef3c704dce48f08a44612d6c856c8d) Importer(815301076,1909f56bfc062723c751e8b465ee728b)  -> (artifact id: '8d1dc1ae3b814ac1122d0db262b02ec3') in 0.003549 seconds
Number of updated asset objects reloaded before import = 0
Number of asset objects unloaded after import = 3
========================================================================
Received Import Request.
  Time since last request: 0.009410 seconds.
  path: Assets/Textures/TextMesh Pro/Examples & Extras/Resources/Sprite Assets/DropCap Numbers.asset
  artifactKey: Guid(14aa93acbb234d16aaef0e8b46814db6) Importer(815301076,1909f56bfc062723c751e8b465ee728b)
Start importing Assets/Textures/TextMesh Pro/Examples & Extras/Resources/Sprite Assets/DropCap Numbers.asset using Guid(14aa93acbb234d16aaef0e8b46814db6) Importer(815301076,1909f56bfc062723c751e8b465ee728b)  -> (artifact id: 'd650a9d6b1945b39911fd2f39d5c71e8') in 0.003853 seconds
Number of updated asset objects reloaded before import = 0
Number of asset objects unloaded after import = 3
========================================================================
Received Import Request.
  Time since last request: 3.862923 seconds.
  path: Assets/Textures/TextMesh Pro/Examples & Extras/Prefabs
  artifactKey: Guid(5bff2544887143f5807c7d5059d07f79) Importer(815301076,1909f56bfc062723c751e8b465ee728b)
Start importing Assets/Textures/TextMesh Pro/Examples & Extras/Prefabs using Guid(5bff2544887143f5807c7d5059d07f79) Importer(815301076,1909f56bfc062723c751e8b465ee728b)  -> (artifact id: '963c60e6ba0737002ffab506510e2dad') in 0.001371 seconds
Number of updated asset objects reloaded before import = 0
Number of asset objects unloaded after import = 0
========================================================================
Received Import Request.
  Time since last request: 0.064790 seconds.
  path: Assets/Textures/TextMesh Pro/Examples & Extras/Prefabs/Text Popup.prefab
  artifactKey: Guid(b06f0e6c1dfa4356ac918da1bb32c603) Importer(815301076,1909f56bfc062723c751e8b465ee728b)
Start importing Assets/Textures/TextMesh Pro/Examples & Extras/Prefabs/Text Popup.prefab using Guid(b06f0e6c1dfa4356ac918da1bb32c603) Importer(815301076,1909f56bfc062723c751e8b465ee728b)  -> (artifact id: '53eba43170e7839fb21e820423b91bbf') in 0.059344 seconds
Number of updated asset objects reloaded before import = 0
Number of asset objects unloaded after import = 21
Editor requested this worker to shutdown with reason: Scaling down because of idle timeout
TcpMessagingSession - receive error
AssetImportWorkerClient::OnTransportError - code=2 error=End of file
AssetImportWorker is now disconnected from the server
Process exiting
Exiting without the bug reporter. Application will terminate with return code 0